<?xml version="1.0" encoding="UTF-8"?>
<testng-results skipped="0" failed="2" ignored="0" total="9" passed="7">
  <reporter-output>
  </reporter-output>
  <suite name="Default suite" duration-ms="284396" started-at="2020-03-11T14:09:25 EDT" finished-at="2020-03-11T14:14:10 EDT">
    <groups>
    </groups>
    <test name="Default test" duration-ms="284396" started-at="2020-03-11T14:09:25 EDT" finished-at="2020-03-11T14:14:10 EDT">
      <class name="com.testing.TestFile1">
        <test-method status="PASS" signature="beforeMethod()[pri:0, instance:com.testing.TestFile1@61f8bee4]" name="beforeMethod" is-config="true" duration-ms="11355" started-at="2020-03-11T14:09:25 EDT" finished-at="2020-03-11T14:09:37 EDT">
          <reporter-output>
          </reporter-output>
        </test-method> <!-- beforeMethod -->
        <test-method status="PASS" signature="Email()[pri:1, instance:com.testing.TestFile1@61f8bee4]" name="Email" duration-ms="6438" started-at="2020-03-11T14:09:37 EDT" finished-at="2020-03-11T14:09:43 EDT">
          <reporter-output>
          </reporter-output>
        </test-method> <!-- Email -->
        <test-method status="PASS" signature="afterMethod(org.testng.ITestResult)[pri:0, instance:com.testing.TestFile1@61f8bee4]" name="afterMethod" is-config="true" duration-ms="908" started-at="2020-03-11T14:09:43 EDT" finished-at="2020-03-11T14:09:44 EDT">
          <params>
            <param index="0">
              <value>
                <![CDATA[[TestResult name=Email status=SUCCESS method=TestFile1.Email()[pri:1, instance:com.testing.TestFile1@61f8bee4] output={null}]]]>
              </value>
            </param>
          </params>
          <reporter-output>
          </reporter-output>
        </test-method> <!-- afterMethod -->
        <test-method status="PASS" signature="beforeMethod()[pri:0, instance:com.testing.TestFile1@61f8bee4]" name="beforeMethod" is-config="true" duration-ms="10529" started-at="2020-03-11T14:09:44 EDT" finished-at="2020-03-11T14:09:54 EDT">
          <reporter-output>
          </reporter-output>
        </test-method> <!-- beforeMethod -->
        <test-method status="PASS" signature="Id()[pri:2, instance:com.testing.TestFile1@61f8bee4]" name="Id" duration-ms="12822" started-at="2020-03-11T14:09:54 EDT" finished-at="2020-03-11T14:10:07 EDT">
          <reporter-output>
          </reporter-output>
        </test-method> <!-- Id -->
        <test-method status="PASS" signature="afterMethod(org.testng.ITestResult)[pri:0, instance:com.testing.TestFile1@61f8bee4]" name="afterMethod" is-config="true" duration-ms="872" started-at="2020-03-11T14:10:07 EDT" finished-at="2020-03-11T14:10:08 EDT">
          <params>
            <param index="0">
              <value>
                <![CDATA[[TestResult name=Id status=SUCCESS method=TestFile1.Id()[pri:2, instance:com.testing.TestFile1@61f8bee4] output={null}]]]>
              </value>
            </param>
          </params>
          <reporter-output>
          </reporter-output>
        </test-method> <!-- afterMethod -->
        <test-method status="PASS" signature="beforeMethod()[pri:0, instance:com.testing.TestFile1@61f8bee4]" name="beforeMethod" is-config="true" duration-ms="10819" started-at="2020-03-11T14:10:08 EDT" finished-at="2020-03-11T14:10:19 EDT">
          <reporter-output>
          </reporter-output>
        </test-method> <!-- beforeMethod -->
        <test-method status="PASS" signature="password()[pri:3, instance:com.testing.TestFile1@61f8bee4]" name="password" duration-ms="14367" started-at="2020-03-11T14:10:19 EDT" finished-at="2020-03-11T14:10:33 EDT">
          <reporter-output>
          </reporter-output>
        </test-method> <!-- password -->
        <test-method status="PASS" signature="afterMethod(org.testng.ITestResult)[pri:0, instance:com.testing.TestFile1@61f8bee4]" name="afterMethod" is-config="true" duration-ms="922" started-at="2020-03-11T14:10:33 EDT" finished-at="2020-03-11T14:10:34 EDT">
          <params>
            <param index="0">
              <value>
                <![CDATA[[TestResult name=password status=SUCCESS method=TestFile1.password()[pri:3, instance:com.testing.TestFile1@61f8bee4] output={null}]]]>
              </value>
            </param>
          </params>
          <reporter-output>
          </reporter-output>
        </test-method> <!-- afterMethod -->
        <test-method status="PASS" signature="beforeMethod()[pri:0, instance:com.testing.TestFile1@61f8bee4]" name="beforeMethod" is-config="true" duration-ms="11638" started-at="2020-03-11T14:10:34 EDT" finished-at="2020-03-11T14:10:46 EDT">
          <reporter-output>
          </reporter-output>
        </test-method> <!-- beforeMethod -->
        <test-method status="PASS" signature="MovetoemailinTrash()[pri:4, instance:com.testing.TestFile1@61f8bee4]" name="MovetoemailinTrash" duration-ms="18244" started-at="2020-03-11T14:10:46 EDT" finished-at="2020-03-11T14:11:04 EDT">
          <reporter-output>
          </reporter-output>
        </test-method> <!-- MovetoemailinTrash -->
        <test-method status="PASS" signature="afterMethod(org.testng.ITestResult)[pri:0, instance:com.testing.TestFile1@61f8bee4]" name="afterMethod" is-config="true" duration-ms="890" started-at="2020-03-11T14:11:04 EDT" finished-at="2020-03-11T14:11:05 EDT">
          <params>
            <param index="0">
              <value>
                <![CDATA[[TestResult name=MovetoemailinTrash status=SUCCESS method=TestFile1.MovetoemailinTrash()[pri:4, instance:com.testing.TestFile1@61f8bee4] output={null}]]]>
              </value>
            </param>
          </params>
          <reporter-output>
          </reporter-output>
        </test-method> <!-- afterMethod -->
        <test-method status="PASS" signature="beforeMethod()[pri:0, instance:com.testing.TestFile1@61f8bee4]" name="beforeMethod" is-config="true" duration-ms="10659" started-at="2020-03-11T14:11:05 EDT" finished-at="2020-03-11T14:11:16 EDT">
          <reporter-output>
          </reporter-output>
        </test-method> <!-- beforeMethod -->
        <test-method status="PASS" signature="totalmail()[pri:5, instance:com.testing.TestFile1@61f8bee4]" name="totalmail" duration-ms="10807" started-at="2020-03-11T14:11:16 EDT" finished-at="2020-03-11T14:11:26 EDT">
          <reporter-output>
          </reporter-output>
        </test-method> <!-- totalmail -->
        <test-method status="PASS" signature="afterMethod(org.testng.ITestResult)[pri:0, instance:com.testing.TestFile1@61f8bee4]" name="afterMethod" is-config="true" duration-ms="855" started-at="2020-03-11T14:11:26 EDT" finished-at="2020-03-11T14:11:27 EDT">
          <params>
            <param index="0">
              <value>
                <![CDATA[[TestResult name=totalmail status=SUCCESS method=TestFile1.totalmail()[pri:5, instance:com.testing.TestFile1@61f8bee4] output={null}]]]>
              </value>
            </param>
          </params>
          <reporter-output>
          </reporter-output>
        </test-method> <!-- afterMethod -->
        <test-method status="PASS" signature="beforeMethod()[pri:0, instance:com.testing.TestFile1@61f8bee4]" name="beforeMethod" is-config="true" duration-ms="10680" started-at="2020-03-11T14:11:27 EDT" finished-at="2020-03-11T14:11:38 EDT">
          <reporter-output>
          </reporter-output>
        </test-method> <!-- beforeMethod -->
        <test-method status="FAIL" signature="movetoemailininbox()[pri:6, instance:com.testing.TestFile1@61f8bee4]" name="movetoemailininbox" duration-ms="49442" started-at="2020-03-11T14:11:38 EDT" finished-at="2020-03-11T14:12:27 EDT">
          <exception class="org.openqa.selenium.NoSuchElementException">
            <message>
              <![CDATA[no such element: Unable to locate element: {"method":"xpath","selector":"//*[@id=":148"]/div"}
  (Session info: chrome=80.0.3987.132)
  (Driver info: chromedriver=80.0.3987.16 (320f6526c1632ad4f205ebce69b99a062ed78647-refs/branch-heads/3987@{#185}),platform=Windows NT 10.0.18363 x86_64) (WARNING: The server did not provide any stacktrace information)
Command duration or timeout: 30.02 seconds
For documentation on this error, please visit: http://seleniumhq.org/exceptions/no_such_element.html
Build info: version: '2.53.1', revision: 'a36b8b1', time: '2016-06-30 17:37:03'
System info: host: 'JMVirani', ip: '192.168.0.22', os.name: 'Windows 10', os.arch: 'amd64', os.version: '10.0', java.version: '1.8.0_241'
Driver info: org.openqa.selenium.chrome.ChromeDriver
Capabilities [{mobileEmulationEnabled=false, timeouts={implicit=0, pageLoad=300000, script=30000}, hasTouchScreen=false, platform=XP, acceptSslCerts=false, goog:chromeOptions={debuggerAddress=localhost:55341}, acceptInsecureCerts=false, webStorageEnabled=true, browserName=chrome, takesScreenshot=true, javascriptEnabled=true, setWindowRect=true, unexpectedAlertBehaviour=ignore, applicationCacheEnabled=false, rotatable=false, networkConnectionEnabled=false, chrome={chromedriverVersion=80.0.3987.16 (320f6526c1632ad4f205ebce69b99a062ed78647-refs/branch-heads/3987@{#185}), userDataDir=C:\Users\jigvi\AppData\Local\Temp\scoped_dir20184_988990870}, takesHeapSnapshot=true, pageLoadStrategy=normal, strictFileInteractability=false, databaseEnabled=false, handlesAlerts=true, version=80.0.3987.132, browserConnectionEnabled=false, proxy={}, nativeEvents=true, locationContextEnabled=true, cssSelectorsEnabled=true}]
Session ID: 97a712f1e86c9b23c2616fccefbe9cd8
*** Element info: {Using=xpath, value=//*[@id=":148"]/div}]]>
            </message>
            <full-stacktrace>
              <![CDATA[org.openqa.selenium.NoSuchElementException: no such element: Unable to locate element: {"method":"xpath","selector":"//*[@id=":148"]/div"}
  (Session info: chrome=80.0.3987.132)
  (Driver info: chromedriver=80.0.3987.16 (320f6526c1632ad4f205ebce69b99a062ed78647-refs/branch-heads/3987@{#185}),platform=Windows NT 10.0.18363 x86_64) (WARNING: The server did not provide any stacktrace information)
Command duration or timeout: 30.02 seconds
For documentation on this error, please visit: http://seleniumhq.org/exceptions/no_such_element.html
Build info: version: '2.53.1', revision: 'a36b8b1', time: '2016-06-30 17:37:03'
System info: host: 'JMVirani', ip: '192.168.0.22', os.name: 'Windows 10', os.arch: 'amd64', os.version: '10.0', java.version: '1.8.0_241'
Driver info: org.openqa.selenium.chrome.ChromeDriver
Capabilities [{mobileEmulationEnabled=false, timeouts={implicit=0, pageLoad=300000, script=30000}, hasTouchScreen=false, platform=XP, acceptSslCerts=false, goog:chromeOptions={debuggerAddress=localhost:55341}, acceptInsecureCerts=false, webStorageEnabled=true, browserName=chrome, takesScreenshot=true, javascriptEnabled=true, setWindowRect=true, unexpectedAlertBehaviour=ignore, applicationCacheEnabled=false, rotatable=false, networkConnectionEnabled=false, chrome={chromedriverVersion=80.0.3987.16 (320f6526c1632ad4f205ebce69b99a062ed78647-refs/branch-heads/3987@{#185}), userDataDir=C:\Users\jigvi\AppData\Local\Temp\scoped_dir20184_988990870}, takesHeapSnapshot=true, pageLoadStrategy=normal, strictFileInteractability=false, databaseEnabled=false, handlesAlerts=true, version=80.0.3987.132, browserConnectionEnabled=false, proxy={}, nativeEvents=true, locationContextEnabled=true, cssSelectorsEnabled=true}]
Session ID: 97a712f1e86c9b23c2616fccefbe9cd8
*** Element info: {Using=xpath, value=//*[@id=":148"]/div}
at sun.reflect.NativeConstructorAccessorImpl.newInstance0(Native Method)
at sun.reflect.NativeConstructorAccessorImpl.newInstance(NativeConstructorAccessorImpl.java:62)
at sun.reflect.DelegatingConstructorAccessorImpl.newInstance(DelegatingConstructorAccessorImpl.java:45)
at java.lang.reflect.Constructor.newInstance(Constructor.java:423)
at org.openqa.selenium.remote.ErrorHandler.createThrowable(ErrorHandler.java:206)
at org.openqa.selenium.remote.ErrorHandler.throwIfResponseFailed(ErrorHandler.java:158)
at org.openqa.selenium.remote.RemoteWebDriver.execute(RemoteWebDriver.java:678)
at org.openqa.selenium.remote.RemoteWebDriver.findElement(RemoteWebDriver.java:363)
at org.openqa.selenium.remote.RemoteWebDriver.findElementByXPath(RemoteWebDriver.java:500)
at org.openqa.selenium.By$ByXPath.findElement(By.java:361)
at org.openqa.selenium.remote.RemoteWebDriver.findElement(RemoteWebDriver.java:355)
at org.openqa.selenium.support.pagefactory.DefaultElementLocator.findElement(DefaultElementLocator.java:69)
at org.openqa.selenium.support.pagefactory.internal.LocatingElementHandler.invoke(LocatingElementHandler.java:38)
at com.sun.proxy.$Proxy7.click(Unknown Source)
at com.testing.PageFile1.movetoemailininbox(PageFile1.java:205)
at com.testing.TestFile1.movetoemailininbox(TestFile1.java:73)
at sun.reflect.NativeMethodAccessorImpl.invoke0(Native Method)
at sun.reflect.NativeMethodAccessorImpl.invoke(NativeMethodAccessorImpl.java:62)
at sun.reflect.DelegatingMethodAccessorImpl.invoke(DelegatingMethodAccessorImpl.java:43)
at java.lang.reflect.Method.invoke(Method.java:498)
at org.testng.internal.MethodInvocationHelper.invokeMethod(MethodInvocationHelper.java:133)
at org.testng.internal.TestInvoker.invokeMethod(TestInvoker.java:584)
at org.testng.internal.TestInvoker.invokeTestMethod(TestInvoker.java:172)
at org.testng.internal.MethodRunner.runInSequence(MethodRunner.java:46)
at org.testng.internal.TestInvoker$MethodInvocationAgent.invoke(TestInvoker.java:804)
at org.testng.internal.TestInvoker.invokeTestMethods(TestInvoker.java:145)
at org.testng.internal.TestMethodWorker.invokeTestMethods(TestMethodWorker.java:146)
at org.testng.internal.TestMethodWorker.run(TestMethodWorker.java:128)
at java.util.ArrayList.forEach(ArrayList.java:1257)
at org.testng.TestRunner.privateRun(TestRunner.java:770)
at org.testng.TestRunner.run(TestRunner.java:591)
at org.testng.SuiteRunner.runTest(SuiteRunner.java:402)
at org.testng.SuiteRunner.runSequentially(SuiteRunner.java:396)
at org.testng.SuiteRunner.privateRun(SuiteRunner.java:355)
at org.testng.SuiteRunner.run(SuiteRunner.java:304)
at org.testng.SuiteRunnerWorker.runSuite(SuiteRunnerWorker.java:53)
at org.testng.SuiteRunnerWorker.run(SuiteRunnerWorker.java:96)
at org.testng.TestNG.runSuitesSequentially(TestNG.java:1180)
at org.testng.TestNG.runSuitesLocally(TestNG.java:1102)
at org.testng.TestNG.runSuites(TestNG.java:1032)
at org.testng.TestNG.run(TestNG.java:1000)
at org.testng.remote.AbstractRemoteTestNG.run(AbstractRemoteTestNG.java:115)
at org.testng.remote.RemoteTestNG.initAndRun(RemoteTestNG.java:251)
at org.testng.remote.RemoteTestNG.main(RemoteTestNG.java:77)
]]>
            </full-stacktrace>
          </exception> <!-- org.openqa.selenium.NoSuchElementException -->
          <reporter-output>
          </reporter-output>
        </test-method> <!-- movetoemailininbox -->
        <test-method status="PASS" signature="afterMethod(org.testng.ITestResult)[pri:0, instance:com.testing.TestFile1@61f8bee4]" name="afterMethod" is-config="true" duration-ms="900" started-at="2020-03-11T14:12:27 EDT" finished-at="2020-03-11T14:12:28 EDT">
          <params>
            <param index="0">
              <value>
                <![CDATA[[TestResult name=movetoemailininbox status=FAILURE method=TestFile1.movetoemailininbox()[pri:6, instance:com.testing.TestFile1@61f8bee4] output={null}]]]>
              </value>
            </param>
          </params>
          <reporter-output>
          </reporter-output>
        </test-method> <!-- afterMethod -->
        <test-method status="PASS" signature="beforeMethod()[pri:0, instance:com.testing.TestFile1@61f8bee4]" name="beforeMethod" is-config="true" duration-ms="10498" started-at="2020-03-11T14:12:28 EDT" finished-at="2020-03-11T14:12:39 EDT">
          <reporter-output>
          </reporter-output>
        </test-method> <!-- beforeMethod -->
        <test-method status="PASS" signature="totalMail()[pri:7, instance:com.testing.TestFile1@61f8bee4]" name="totalMail" duration-ms="12176" started-at="2020-03-11T14:12:39 EDT" finished-at="2020-03-11T14:12:51 EDT">
          <reporter-output>
          </reporter-output>
        </test-method> <!-- totalMail -->
        <test-method status="PASS" signature="afterMethod(org.testng.ITestResult)[pri:0, instance:com.testing.TestFile1@61f8bee4]" name="afterMethod" is-config="true" duration-ms="871" started-at="2020-03-11T14:12:51 EDT" finished-at="2020-03-11T14:12:52 EDT">
          <params>
            <param index="0">
              <value>
                <![CDATA[[TestResult name=totalMail status=SUCCESS method=TestFile1.totalMail()[pri:7, instance:com.testing.TestFile1@61f8bee4] output={null}]]]>
              </value>
            </param>
          </params>
          <reporter-output>
          </reporter-output>
        </test-method> <!-- afterMethod -->
        <test-method status="PASS" signature="beforeMethod()[pri:0, instance:com.testing.TestFile1@61f8bee4]" name="beforeMethod" is-config="true" duration-ms="10620" started-at="2020-03-11T14:12:52 EDT" finished-at="2020-03-11T14:13:03 EDT">
          <reporter-output>
          </reporter-output>
        </test-method> <!-- beforeMethod -->
        <test-method status="FAIL" signature="markasunreadmail()[pri:8, instance:com.testing.TestFile1@61f8bee4]" name="markasunreadmail" duration-ms="39271" started-at="2020-03-11T14:13:03 EDT" finished-at="2020-03-11T14:13:42 EDT">
          <exception class="java.lang.NullPointerException">
            <full-stacktrace>
              <![CDATA[java.lang.NullPointerException
at sun.reflect.NativeMethodAccessorImpl.invoke0(Native Method)
at sun.reflect.NativeMethodAccessorImpl.invoke(NativeMethodAccessorImpl.java:62)
at sun.reflect.DelegatingMethodAccessorImpl.invoke(DelegatingMethodAccessorImpl.java:43)
at java.lang.reflect.Method.invoke(Method.java:498)
at org.openqa.selenium.support.pagefactory.internal.LocatingElementHandler.invoke(LocatingElementHandler.java:51)
at com.sun.proxy.$Proxy7.click(Unknown Source)
at com.testing.PageFile1.markasunreadmail(PageFile1.java:237)
at com.testing.TestFile1.markasunreadmail(TestFile1.java:83)
at sun.reflect.NativeMethodAccessorImpl.invoke0(Native Method)
at sun.reflect.NativeMethodAccessorImpl.invoke(NativeMethodAccessorImpl.java:62)
at sun.reflect.DelegatingMethodAccessorImpl.invoke(DelegatingMethodAccessorImpl.java:43)
at java.lang.reflect.Method.invoke(Method.java:498)
at org.testng.internal.MethodInvocationHelper.invokeMethod(MethodInvocationHelper.java:133)
at org.testng.internal.TestInvoker.invokeMethod(TestInvoker.java:584)
at org.testng.internal.TestInvoker.invokeTestMethod(TestInvoker.java:172)
at org.testng.internal.MethodRunner.runInSequence(MethodRunner.java:46)
at org.testng.internal.TestInvoker$MethodInvocationAgent.invoke(TestInvoker.java:804)
at org.testng.internal.TestInvoker.invokeTestMethods(TestInvoker.java:145)
at org.testng.internal.TestMethodWorker.invokeTestMethods(TestMethodWorker.java:146)
at org.testng.internal.TestMethodWorker.run(TestMethodWorker.java:128)
at java.util.ArrayList.forEach(ArrayList.java:1257)
at org.testng.TestRunner.privateRun(TestRunner.java:770)
at org.testng.TestRunner.run(TestRunner.java:591)
at org.testng.SuiteRunner.runTest(SuiteRunner.java:402)
at org.testng.SuiteRunner.runSequentially(SuiteRunner.java:396)
at org.testng.SuiteRunner.privateRun(SuiteRunner.java:355)
at org.testng.SuiteRunner.run(SuiteRunner.java:304)
at org.testng.SuiteRunnerWorker.runSuite(SuiteRunnerWorker.java:53)
at org.testng.SuiteRunnerWorker.run(SuiteRunnerWorker.java:96)
at org.testng.TestNG.runSuitesSequentially(TestNG.java:1180)
at org.testng.TestNG.runSuitesLocally(TestNG.java:1102)
at org.testng.TestNG.runSuites(TestNG.java:1032)
at org.testng.TestNG.run(TestNG.java:1000)
at org.testng.remote.AbstractRemoteTestNG.run(AbstractRemoteTestNG.java:115)
at org.testng.remote.RemoteTestNG.initAndRun(RemoteTestNG.java:251)
at org.testng.remote.RemoteTestNG.main(RemoteTestNG.java:77)
]]>
            </full-stacktrace>
          </exception> <!-- java.lang.NullPointerException -->
          <reporter-output>
          </reporter-output>
        </test-method> <!-- markasunreadmail -->
        <test-method status="PASS" signature="afterMethod(org.testng.ITestResult)[pri:0, instance:com.testing.TestFile1@61f8bee4]" name="afterMethod" is-config="true" duration-ms="833" started-at="2020-03-11T14:13:42 EDT" finished-at="2020-03-11T14:13:43 EDT">
          <params>
            <param index="0">
              <value>
                <![CDATA[[TestResult name=markasunreadmail status=FAILURE method=TestFile1.markasunreadmail()[pri:8, instance:com.testing.TestFile1@61f8bee4] output={null}]]]>
              </value>
            </param>
          </params>
          <reporter-output>
          </reporter-output>
        </test-method> <!-- afterMethod -->
        <test-method status="PASS" signature="beforeMethod()[pri:0, instance:com.testing.TestFile1@61f8bee4]" name="beforeMethod" is-config="true" duration-ms="10550" started-at="2020-03-11T14:13:43 EDT" finished-at="2020-03-11T14:13:53 EDT">
          <reporter-output>
          </reporter-output>
        </test-method> <!-- beforeMethod -->
        <test-method status="PASS" signature="markasreadmail()[pri:9, instance:com.testing.TestFile1@61f8bee4]" name="markasreadmail" duration-ms="15449" started-at="2020-03-11T14:13:53 EDT" finished-at="2020-03-11T14:14:09 EDT">
          <reporter-output>
          </reporter-output>
        </test-method> <!-- markasreadmail -->
        <test-method status="PASS" signature="afterMethod(org.testng.ITestResult)[pri:0, instance:com.testing.TestFile1@61f8bee4]" name="afterMethod" is-config="true" duration-ms="916" started-at="2020-03-11T14:14:09 EDT" finished-at="2020-03-11T14:14:10 EDT">
          <params>
            <param index="0">
              <value>
                <![CDATA[[TestResult name=markasreadmail status=SUCCESS method=TestFile1.markasreadmail()[pri:9, instance:com.testing.TestFile1@61f8bee4] output={null}]]]>
              </value>
            </param>
          </params>
          <reporter-output>
          </reporter-output>
        </test-method> <!-- afterMethod -->
      </class> <!-- com.testing.TestFile1 -->
    </test> <!-- Default test -->
  </suite> <!-- Default suite -->
</testng-results>
